0 info it worked if it ends with ok
1 verbose cli [ '/Users/Noaa/.nvm/versions/node/v5.10.0/bin/node',
1 verbose cli   '/Users/Noaa/.nvm/versions/node/v5.10.0/bin/npm',
1 verbose cli   'start' ]
2 info using npm@3.8.3
3 info using node@v5.10.0
4 verbose run-script [ 'prestart', 'start', 'poststart' ]
5 info lifecycle paralib@1.0.0~prestart: paralib@1.0.0
6 silly lifecycle paralib@1.0.0~prestart: no script for prestart, continuing
7 info lifecycle paralib@1.0.0~start: paralib@1.0.0
8 verbose lifecycle paralib@1.0.0~start: unsafe-perm in lifecycle true
9 verbose lifecycle paralib@1.0.0~start: PATH: /Users/Noaa/.nvm/versions/node/v5.10.0/lib/node_modules/npm/bin/node-gyp-bin:/Users/Noaa/Desktop/paralib/node_modules/.bin:/Users/Noaa/.nvm/versions/node/v5.10.0/bin:/Users/Noaa/.nvm/versions/node/v5.10.0/bin:/Users/Noaa/anaconda/bin:/Library/Frameworks/Python.framework/Versions/3.4/bin:/usr/local/bin:/usr/bin:/bin:/usr/sbin:/sbin:/Library/TeX/texbin
10 verbose lifecycle paralib@1.0.0~start: CWD: /Users/Noaa/Desktop/paralib
11 silly lifecycle paralib@1.0.0~start: Args: [ '-c',
11 silly lifecycle   'grunt default & ./node_modules/.bin/webpack --watch --progress --colors' ]
12 silly lifecycle paralib@1.0.0~start: Returned: code: 255  signal: null
13 info lifecycle paralib@1.0.0~start: Failed to exec start script
14 verbose stack Error: paralib@1.0.0 start: `grunt default & ./node_modules/.bin/webpack --watch --progress --colors`
14 verbose stack Exit status 255
14 verbose stack     at EventEmitter.<anonymous> (/Users/Noaa/.nvm/versions/node/v5.10.0/lib/node_modules/npm/lib/utils/lifecycle.js:239:16)
14 verbose stack     at emitTwo (events.js:100:13)
14 verbose stack     at EventEmitter.emit (events.js:185:7)
14 verbose stack     at ChildProcess.<anonymous> (/Users/Noaa/.nvm/versions/node/v5.10.0/lib/node_modules/npm/lib/utils/spawn.js:24:14)
14 verbose stack     at emitTwo (events.js:100:13)
14 verbose stack     at ChildProcess.emit (events.js:185:7)
14 verbose stack     at maybeClose (internal/child_process.js:850:16)
14 verbose stack     at Process.ChildProcess._handle.onexit (internal/child_process.js:215:5)
15 verbose pkgid paralib@1.0.0
16 verbose cwd /Users/Noaa/Desktop/paralib
17 error Darwin 15.5.0
18 error argv "/Users/Noaa/.nvm/versions/node/v5.10.0/bin/node" "/Users/Noaa/.nvm/versions/node/v5.10.0/bin/npm" "start"
19 error node v5.10.0
20 error npm  v3.8.3
21 error code ELIFECYCLE
22 error paralib@1.0.0 start: `grunt default & ./node_modules/.bin/webpack --watch --progress --colors`
22 error Exit status 255
23 error Failed at the paralib@1.0.0 start script 'grunt default & ./node_modules/.bin/webpack --watch --progress --colors'.
23 error Make sure you have the latest version of node.js and npm installed.
23 error If you do, this is most likely a problem with the paralib package,
23 error not with npm itself.
23 error Tell the author that this fails on your system:
23 error     grunt default & ./node_modules/.bin/webpack --watch --progress --colors
23 error You can get information on how to open an issue for this project with:
23 error     npm bugs paralib
23 error Or if that isn't available, you can get their info via:
23 error     npm owner ls paralib
23 error There is likely additional logging output above.
24 verbose exit [ 1, true ]
